2024-05-27 14:27:25 [main] INFO  org.testng.internal.Utils - [Utils] MethodGroupsHelper.collectMethodsByGroup() took 0 ms.
2024-05-27 14:27:25 [main] INFO  org.testng.internal.Utils - [Utils] MethodGroupsHelper.sortMethods() took 1 ms.
2024-05-27 14:27:25 [main] INFO  org.testng.internal.Utils - [Utils] MethodGroupsHelper.collectMethodsByGroup() took 0 ms.
2024-05-27 14:27:25 [main] INFO  org.testng.internal.Utils - [Utils] MethodGroupsHelper.sortMethods() took 0 ms.
2024-05-27 14:27:25 [main] INFO  org.testng.internal.Utils - [Utils] MethodGroupsHelper.collectMethodsByGroup() took 0 ms.
2024-05-27 14:27:25 [main] INFO  org.testng.internal.Utils - [Utils] MethodGroupsHelper.sortMethods() took 0 ms.
2024-05-27 14:27:25 [main] INFO  org.testng.internal.Utils - [Utils] MethodGroupsHelper.collectMethodsByGroup() took 0 ms.
2024-05-27 14:27:25 [main] INFO  org.testng.internal.Utils - [Utils] MethodGroupsHelper.sortMethods() took 0 ms.
2024-05-27 14:27:25 [main] INFO  org.testng.internal.Utils - [Utils] MethodGroupsHelper.collectMethodsByGroup() took 0 ms.
2024-05-27 14:27:25 [main] INFO  org.testng.internal.Utils - [Utils] MethodGroupsHelper.sortMethods() took 0 ms.
2024-05-27 14:27:25 [main] INFO  org.testng.internal.Utils - [Utils] MethodGroupsHelper.collectMethodsByGroup() took 0 ms.
2024-05-27 14:27:25 [main] INFO  org.testng.internal.Utils - [Utils] MethodGroupsHelper.sortMethods() took 0 ms.
2024-05-27 14:27:25 [main] INFO  org.testng.internal.Utils - [Utils] MethodGroupsHelper.collectMethodsByGroup() took 0 ms.
2024-05-27 14:27:25 [main] INFO  org.testng.internal.Utils - [Utils] MethodGroupsHelper.sortMethods() took 0 ms.
2024-05-27 14:27:25 [main] INFO  org.testng.internal.Utils - [Utils] MethodGroupsHelper.collectMethodsByGroup() took 0 ms.
2024-05-27 14:27:25 [main] INFO  org.testng.internal.Utils - [Utils] MethodGroupsHelper.sortMethods() took 0 ms.
2024-05-27 14:27:25 [main] INFO  org.testng.internal.Utils - [Utils] MethodGroupsHelper.collectMethodsByGroup() took 9 ms.
2024-05-27 14:27:25 [main] INFO  org.testng.internal.Utils - [Utils] MethodGroupsHelper.sortMethods() took 17 ms.
2024-05-27 14:27:25 [main] INFO  org.testng.internal.Utils - [Utils] MethodGroupsHelper.collectMethodsByGroup() took 0 ms.
2024-05-27 14:27:25 [main] INFO  org.testng.internal.Utils - [Utils] MethodGroupsHelper.sortMethods() took 1 ms.
2024-05-27 14:27:25 [main] INFO  org.testng.internal.Utils - [Utils] MethodGroupsHelper.collectMethodsByGroup() took 0 ms.
2024-05-27 14:27:25 [main] INFO  org.testng.internal.Utils - [Utils] MethodGroupsHelper.sortMethods() took 0 ms.
2024-05-27 14:27:25 [main] INFO  org.testng.internal.Utils - [Utils] MethodGroupsHelper.collectMethodsByGroup() took 0 ms.
2024-05-27 14:27:25 [main] INFO  org.testng.internal.Utils - [Utils] MethodGroupsHelper.sortMethods() took 0 ms.
2024-05-27 14:27:25 [main] INFO  org.testng.internal.Utils - [Utils] MethodGroupsHelper.collectMethodsByGroup() took 0 ms.
2024-05-27 14:27:25 [main] INFO  org.testng.internal.Utils - [Utils] MethodGroupsHelper.sortMethods() took 0 ms.
2024-05-27 14:27:25 [main] INFO  org.testng.internal.Utils - [Utils] MethodGroupsHelper.collectMethodsByGroup() took 0 ms.
2024-05-27 14:27:25 [main] INFO  org.testng.internal.Utils - [Utils] MethodGroupsHelper.sortMethods() took 0 ms.
2024-05-27 14:27:25 [main] INFO  org.testng.internal.Utils - [Utils] MethodGroupsHelper.collectMethodsByGroup() took 0 ms.
2024-05-27 14:27:25 [main] INFO  org.testng.internal.Utils - [Utils] MethodGroupsHelper.sortMethods() took 0 ms.
2024-05-27 14:27:25 [main] INFO  org.testng.internal.Utils - [TestNG] Running:
  C:\Users\solve\AppData\Local\Temp\testng-eclipse-367372397\testng-customsuite.xml

2024-05-27 14:27:25 [main] INFO  org.testng.internal.Utils - [Utils] DynamicGraphHelper.createDynamicGraph() took 7 ms.
2024-05-27 14:27:29 [main] INFO  com.example.loadtest.ExistingPatientLogin - ChromeDriver initialized successfully The Existing Patient Application Flow.
2024-05-27 14:27:39 [main] INFO  com.example.loadtest.ExistingPatientLogin - Page Title is Opargo
2024-05-27 14:27:41 [main] INFO  com.example.loadtest.ExistingPatientLogin - User logged in successfully.
2024-05-27 14:28:17 [main] INFO  com.example.loadtest.ExistingPatientLogin - Clicked patient lookup button.
2024-05-27 14:28:35 [main] INFO  com.example.loadtest.ExistingPatientLogin - Clicked select button for patient Kkk Kumar.
2024-05-27 14:29:53 [main] INFO  com.example.loadtest.ExistingPatientLogin - Clicked 'Find First Available' button.
2024-05-27 14:29:56 [main] INFO  com.example.loadtest.ExistingPatientLogin - Execution time: 146937 milliseconds
2024-05-27 14:29:56 [main] INFO  com.example.loadtest.PerformanceListener - Test Method PASSED: loginPage, Duration: 146969ms
2024-05-27 14:29:58 [main] INFO  com.example.loadtest.ExistingPatientLogin - Browser closed and driver quit.
2024-05-27 14:29:59 [main] INFO  org.testng.internal.Utils - [TestNG] Time taken by org.testng.reporters.jq.Main@73c48264: 687 ms
2024-05-27 14:29:59 [main] INFO  org.testng.internal.Utils - [TestNG] Time taken by org.testng.reporters.FailedReporter@5ef85555: 1 ms
2024-05-27 14:29:59 [main] INFO  org.testng.internal.Utils - [TestNG] Time taken by org.testng.reporters.XMLReporter@764b14b8: 182 ms
2024-05-27 14:30:00 [main] INFO  org.testng.internal.Utils - [TestNG] Time taken by org.testng.reporters.EmailableReporter2@35bfa1bb: 20 ms
2024-05-27 14:30:00 [main] INFO  org.testng.internal.Utils - [TestNG] Time taken by org.testng.reporters.JUnitReportReporter@611b35d6: 217 ms
2024-05-27 14:30:00 [main] INFO  org.testng.internal.Utils - [TestNG] Time taken by org.testng.internal.ExitCodeListener@2282400e: 1 ms
