[Utils] MethodGroupsHelper.collectMethodsByGroup() took 3 ms.
[Utils] MethodGroupsHelper.sortMethods() took 6 ms.
[Utils] MethodGroupsHelper.collectMethodsByGroup() took 33 ms.
[Utils] MethodGroupsHelper.sortMethods() took 32 ms.
[Utils] MethodGroupsHelper.collectMethodsByGroup() took 0 ms.
[Utils] MethodGroupsHelper.sortMethods() took 0 ms.
[Utils] MethodGroupsHelper.collectMethodsByGroup() took 0 ms.
[Utils] MethodGroupsHelper.sortMethods() took 0 ms.
[Utils] MethodGroupsHelper.collectMethodsByGroup() took 0 ms.
[Utils] MethodGroupsHelper.sortMethods() took 0 ms.
[Utils] MethodGroupsHelper.collectMethodsByGroup() took 0 ms.
[Utils] MethodGroupsHelper.sortMethods() took 0 ms.
[Utils] MethodGroupsHelper.collectMethodsByGroup() took 0 ms.
[Utils] MethodGroupsHelper.sortMethods() took 0 ms.
[Utils] MethodGroupsHelper.collectMethodsByGroup() took 0 ms.
[Utils] MethodGroupsHelper.sortMethods() took 0 ms.
[Utils] MethodGroupsHelper.collectMethodsByGroup() took 1 ms.
[Utils] MethodGroupsHelper.sortMethods() took 0 ms.
[Utils] MethodGroupsHelper.collectMethodsByGroup() took 0 ms.
[Utils] MethodGroupsHelper.sortMethods() took 0 ms.
[Utils] MethodGroupsHelper.collectMethodsByGroup() took 0 ms.
[Utils] MethodGroupsHelper.sortMethods() took 0 ms.
[Utils] MethodGroupsHelper.collectMethodsByGroup() took 0 ms.
[Utils] MethodGroupsHelper.sortMethods() took 0 ms.
[Utils] MethodGroupsHelper.collectMethodsByGroup() took 0 ms.
[Utils] MethodGroupsHelper.sortMethods() took 1 ms.
[Utils] MethodGroupsHelper.collectMethodsByGroup() took 0 ms.
[Utils] MethodGroupsHelper.sortMethods() took 0 ms.
[Utils] MethodGroupsHelper.collectMethodsByGroup() took 0 ms.
[Utils] MethodGroupsHelper.sortMethods() took 0 ms.
[TestNG] Running:
  C:\Users\solve\AppData\Local\Temp\testng-eclipse-1742239426\testng-customsuite.xml

[Utils] DynamicGraphHelper.createDynamicGraph() took 15 ms.
[TestNG] Time taken by org.testng.reporters.jq.Main@6bd8c398: 423 ms
[TestNG] Time taken by org.testng.reporters.FailedReporter@7c816f46: 214 ms
[TestNG] Time taken by org.testng.reporters.XMLReporter@267e0ca0: 14 ms
[TestNG] Time taken by org.testng.reporters.EmailableReporter2@32675dd4: 56 ms
[TestNG] Time taken by org.testng.reporters.JUnitReportReporter@77b01226: 20 ms
[TestNG] Time taken by org.testng.internal.ExitCodeListener@386ea60f: 0 ms
[Utils] MethodGroupsHelper.collectMethodsByGroup() took 3 ms.
[Utils] MethodGroupsHelper.sortMethods() took 5 ms.
[Utils] MethodGroupsHelper.collectMethodsByGroup() took 39 ms.
[Utils] MethodGroupsHelper.sortMethods() took 26 ms.
[Utils] MethodGroupsHelper.collectMethodsByGroup() took 0 ms.
[Utils] MethodGroupsHelper.sortMethods() took 0 ms.
[Utils] MethodGroupsHelper.collectMethodsByGroup() took 0 ms.
[Utils] MethodGroupsHelper.sortMethods() took 0 ms.
[Utils] MethodGroupsHelper.collectMethodsByGroup() took 0 ms.
[Utils] MethodGroupsHelper.sortMethods() took 0 ms.
[Utils] MethodGroupsHelper.collectMethodsByGroup() took 0 ms.
[Utils] MethodGroupsHelper.sortMethods() took 0 ms.
[Utils] MethodGroupsHelper.collectMethodsByGroup() took 0 ms.
[Utils] MethodGroupsHelper.sortMethods() took 0 ms.
[Utils] MethodGroupsHelper.collectMethodsByGroup() took 0 ms.
[Utils] MethodGroupsHelper.sortMethods() took 0 ms.
[Utils] MethodGroupsHelper.collectMethodsByGroup() took 0 ms.
[Utils] MethodGroupsHelper.sortMethods() took 1 ms.
[Utils] MethodGroupsHelper.collectMethodsByGroup() took 3 ms.
[Utils] MethodGroupsHelper.sortMethods() took 4 ms.
[Utils] MethodGroupsHelper.collectMethodsByGroup() took 0 ms.
[Utils] MethodGroupsHelper.sortMethods() took 0 ms.
[Utils] MethodGroupsHelper.collectMethodsByGroup() took 0 ms.
[Utils] MethodGroupsHelper.sortMethods() took 0 ms.
[Utils] MethodGroupsHelper.collectMethodsByGroup() took 2 ms.
[Utils] MethodGroupsHelper.sortMethods() took 0 ms.
[Utils] MethodGroupsHelper.collectMethodsByGroup() took 0 ms.
[Utils] MethodGroupsHelper.sortMethods() took 0 ms.
[Utils] MethodGroupsHelper.collectMethodsByGroup() took 0 ms.
[Utils] MethodGroupsHelper.sortMethods() took 1 ms.
[TestNG] Running:
  C:\Users\solve\AppData\Local\Temp\testng-eclipse--2040875560\testng-customsuite.xml

[Utils] DynamicGraphHelper.createDynamicGraph() took 15 ms.
[TestNG] Time taken by org.testng.reporters.jq.Main@50fe5df2: 822 ms
[TestNG] Time taken by org.testng.reporters.FailedReporter@7568134c: 271 ms
[TestNG] Time taken by org.testng.reporters.XMLReporter@457d3f54: 236 ms
[TestNG] Time taken by org.testng.reporters.EmailableReporter2@54c17a2b: 19 ms
[TestNG] Time taken by org.testng.reporters.JUnitReportReporter@4dc16fc9: 62 ms
[TestNG] Time taken by org.testng.internal.ExitCodeListener@1028a747: 0 ms
[Utils] MethodGroupsHelper.collectMethodsByGroup() took 2 ms.
[Utils] MethodGroupsHelper.sortMethods() took 5 ms.
[Utils] MethodGroupsHelper.collectMethodsByGroup() took 23 ms.
[Utils] MethodGroupsHelper.sortMethods() took 20 ms.
[Utils] MethodGroupsHelper.collectMethodsByGroup() took 0 ms.
[Utils] MethodGroupsHelper.sortMethods() took 0 ms.
[Utils] MethodGroupsHelper.collectMethodsByGroup() took 0 ms.
[Utils] MethodGroupsHelper.sortMethods() took 0 ms.
[Utils] MethodGroupsHelper.collectMethodsByGroup() took 0 ms.
[Utils] MethodGroupsHelper.sortMethods() took 0 ms.
[Utils] MethodGroupsHelper.collectMethodsByGroup() took 0 ms.
[Utils] MethodGroupsHelper.sortMethods() took 0 ms.
[Utils] MethodGroupsHelper.collectMethodsByGroup() took 0 ms.
[Utils] MethodGroupsHelper.sortMethods() took 0 ms.
[Utils] MethodGroupsHelper.collectMethodsByGroup() took 0 ms.
[Utils] MethodGroupsHelper.sortMethods() took 0 ms.
[Utils] MethodGroupsHelper.collectMethodsByGroup() took 1 ms.
[Utils] MethodGroupsHelper.sortMethods() took 1 ms.
[Utils] MethodGroupsHelper.collectMethodsByGroup() took 0 ms.
[Utils] MethodGroupsHelper.sortMethods() took 0 ms.
[Utils] MethodGroupsHelper.collectMethodsByGroup() took 0 ms.
[Utils] MethodGroupsHelper.sortMethods() took 0 ms.
[Utils] MethodGroupsHelper.collectMethodsByGroup() took 0 ms.
[Utils] MethodGroupsHelper.sortMethods() took 0 ms.
[Utils] MethodGroupsHelper.collectMethodsByGroup() took 0 ms.
[Utils] MethodGroupsHelper.sortMethods() took 1 ms.
[Utils] MethodGroupsHelper.collectMethodsByGroup() took 0 ms.
[Utils] MethodGroupsHelper.sortMethods() took 0 ms.
[Utils] MethodGroupsHelper.collectMethodsByGroup() took 0 ms.
[Utils] MethodGroupsHelper.sortMethods() took 0 ms.
[TestNG] Running:
  C:\Users\solve\AppData\Local\Temp\testng-eclipse-1137381862\testng-customsuite.xml

[Utils] DynamicGraphHelper.createDynamicGraph() took 23 ms.
[TestNG] Time taken by org.testng.reporters.jq.Main@4e53c6ef: 996 ms
[TestNG] Time taken by org.testng.reporters.FailedReporter@c7cbc2d: 266 ms
[TestNG] Time taken by org.testng.reporters.XMLReporter@27422187: 172 ms
[TestNG] Time taken by org.testng.reporters.EmailableReporter2@25762f04: 142 ms
[TestNG] Time taken by org.testng.reporters.JUnitReportReporter@267e0ca0: 132 ms
[TestNG] Time taken by org.testng.internal.ExitCodeListener@3e3a07ab: 0 ms
[Utils] MethodGroupsHelper.collectMethodsByGroup() took 3 ms.
[Utils] MethodGroupsHelper.sortMethods() took 4 ms.
[Utils] MethodGroupsHelper.collectMethodsByGroup() took 34 ms.
[Utils] MethodGroupsHelper.sortMethods() took 32 ms.
[Utils] MethodGroupsHelper.collectMethodsByGroup() took 0 ms.
[Utils] MethodGroupsHelper.sortMethods() took 0 ms.
[Utils] MethodGroupsHelper.collectMethodsByGroup() took 0 ms.
[Utils] MethodGroupsHelper.sortMethods() took 0 ms.
[Utils] MethodGroupsHelper.collectMethodsByGroup() took 0 ms.
[Utils] MethodGroupsHelper.sortMethods() took 0 ms.
[Utils] MethodGroupsHelper.collectMethodsByGroup() took 0 ms.
[Utils] MethodGroupsHelper.sortMethods() took 0 ms.
[Utils] MethodGroupsHelper.collectMethodsByGroup() took 0 ms.
[Utils] MethodGroupsHelper.sortMethods() took 0 ms.
[Utils] MethodGroupsHelper.collectMethodsByGroup() took 0 ms.
[Utils] MethodGroupsHelper.sortMethods() took 0 ms.
[Utils] MethodGroupsHelper.collectMethodsByGroup() took 0 ms.
[Utils] MethodGroupsHelper.sortMethods() took 0 ms.
[Utils] MethodGroupsHelper.collectMethodsByGroup() took 0 ms.
[Utils] MethodGroupsHelper.sortMethods() took 0 ms.
[Utils] MethodGroupsHelper.collectMethodsByGroup() took 0 ms.
[Utils] MethodGroupsHelper.sortMethods() took 0 ms.
[Utils] MethodGroupsHelper.collectMethodsByGroup() took 0 ms.
[Utils] MethodGroupsHelper.sortMethods() took 0 ms.
[Utils] MethodGroupsHelper.collectMethodsByGroup() took 1 ms.
[Utils] MethodGroupsHelper.sortMethods() took 0 ms.
[Utils] MethodGroupsHelper.collectMethodsByGroup() took 0 ms.
[Utils] MethodGroupsHelper.sortMethods() took 0 ms.
[Utils] MethodGroupsHelper.collectMethodsByGroup() took 1 ms.
[Utils] MethodGroupsHelper.sortMethods() took 0 ms.
[TestNG] Running:
  C:\Users\solve\AppData\Local\Temp\testng-eclipse-933247117\testng-customsuite.xml

[Utils] DynamicGraphHelper.createDynamicGraph() took 25 ms.
[TestNG] Time taken by org.testng.reporters.jq.Main@4a249610: 568 ms
[TestNG] Time taken by org.testng.reporters.FailedReporter@3a720ae3: 21 ms
[TestNG] Time taken by org.testng.reporters.XMLReporter@1f7949dc: 125 ms
[TestNG] Time taken by org.testng.reporters.EmailableReporter2@7205a8b7: 156 ms
[TestNG] Time taken by org.testng.reporters.JUnitReportReporter@71e9640: 209 ms
[TestNG] Time taken by org.testng.internal.ExitCodeListener@1ce45e18: 0 ms
[Utils] MethodGroupsHelper.collectMethodsByGroup() took 2 ms.
[Utils] MethodGroupsHelper.sortMethods() took 6 ms.
[Utils] MethodGroupsHelper.collectMethodsByGroup() took 44 ms.
[Utils] MethodGroupsHelper.sortMethods() took 44 ms.
[Utils] MethodGroupsHelper.collectMethodsByGroup() took 0 ms.
[Utils] MethodGroupsHelper.sortMethods() took 0 ms.
[Utils] MethodGroupsHelper.collectMethodsByGroup() took 0 ms.
[Utils] MethodGroupsHelper.sortMethods() took 0 ms.
[Utils] MethodGroupsHelper.collectMethodsByGroup() took 0 ms.
[Utils] MethodGroupsHelper.sortMethods() took 0 ms.
[Utils] MethodGroupsHelper.collectMethodsByGroup() took 0 ms.
[Utils] MethodGroupsHelper.sortMethods() took 0 ms.
[Utils] MethodGroupsHelper.collectMethodsByGroup() took 0 ms.
[Utils] MethodGroupsHelper.sortMethods() took 0 ms.
[Utils] MethodGroupsHelper.collectMethodsByGroup() took 0 ms.
[Utils] MethodGroupsHelper.sortMethods() took 0 ms.
[Utils] MethodGroupsHelper.collectMethodsByGroup() took 0 ms.
[Utils] MethodGroupsHelper.sortMethods() took 0 ms.
[Utils] MethodGroupsHelper.collectMethodsByGroup() took 0 ms.
[Utils] MethodGroupsHelper.sortMethods() took 1 ms.
[Utils] MethodGroupsHelper.collectMethodsByGroup() took 0 ms.
[Utils] MethodGroupsHelper.sortMethods() took 0 ms.
[Utils] MethodGroupsHelper.collectMethodsByGroup() took 0 ms.
[Utils] MethodGroupsHelper.sortMethods() took 0 ms.
[Utils] MethodGroupsHelper.collectMethodsByGroup() took 0 ms.
[Utils] MethodGroupsHelper.sortMethods() took 0 ms.
[Utils] MethodGroupsHelper.collectMethodsByGroup() took 0 ms.
[Utils] MethodGroupsHelper.sortMethods() took 0 ms.
[Utils] MethodGroupsHelper.collectMethodsByGroup() took 0 ms.
[Utils] MethodGroupsHelper.sortMethods() took 0 ms.
[TestNG] Running:
  C:\Users\solve\AppData\Local\Temp\testng-eclipse-200501321\testng-customsuite.xml

[Utils] DynamicGraphHelper.createDynamicGraph() took 21 ms.
[TestNG] Time taken by org.testng.reporters.jq.Main@1a99744a: 698 ms
[TestNG] Time taken by org.testng.reporters.FailedReporter@71c69628: 207 ms
[TestNG] Time taken by org.testng.reporters.XMLReporter@5a6d4dee: 30 ms
[TestNG] Time taken by org.testng.reporters.EmailableReporter2@344cf00f: 98 ms
[TestNG] Time taken by org.testng.reporters.JUnitReportReporter@4f836d9: 184 ms
[TestNG] Time taken by org.testng.internal.ExitCodeListener@2a4f1bc5: 0 ms
[Utils] MethodGroupsHelper.collectMethodsByGroup() took 24 ms.
[Utils] MethodGroupsHelper.sortMethods() took 12 ms.
[Utils] MethodGroupsHelper.collectMethodsByGroup() took 71 ms.
[Utils] MethodGroupsHelper.sortMethods() took 28 ms.
[Utils] MethodGroupsHelper.collectMethodsByGroup() took 0 ms.
[Utils] MethodGroupsHelper.sortMethods() took 0 ms.
[Utils] MethodGroupsHelper.collectMethodsByGroup() took 0 ms.
[Utils] MethodGroupsHelper.sortMethods() took 0 ms.
[Utils] MethodGroupsHelper.collectMethodsByGroup() took 0 ms.
[Utils] MethodGroupsHelper.sortMethods() took 0 ms.
[Utils] MethodGroupsHelper.collectMethodsByGroup() took 0 ms.
[Utils] MethodGroupsHelper.sortMethods() took 0 ms.
[Utils] MethodGroupsHelper.collectMethodsByGroup() took 0 ms.
[Utils] MethodGroupsHelper.sortMethods() took 0 ms.
[Utils] MethodGroupsHelper.collectMethodsByGroup() took 0 ms.
[Utils] MethodGroupsHelper.sortMethods() took 0 ms.
[Utils] MethodGroupsHelper.collectMethodsByGroup() took 0 ms.
[Utils] MethodGroupsHelper.sortMethods() took 0 ms.
[Utils] MethodGroupsHelper.collectMethodsByGroup() took 0 ms.
[Utils] MethodGroupsHelper.sortMethods() took 2 ms.
[Utils] MethodGroupsHelper.collectMethodsByGroup() took 0 ms.
[Utils] MethodGroupsHelper.sortMethods() took 0 ms.
[Utils] MethodGroupsHelper.collectMethodsByGroup() took 0 ms.
[Utils] MethodGroupsHelper.sortMethods() took 0 ms.
[Utils] MethodGroupsHelper.collectMethodsByGroup() took 0 ms.
[Utils] MethodGroupsHelper.sortMethods() took 0 ms.
[Utils] MethodGroupsHelper.collectMethodsByGroup() took 0 ms.
[Utils] MethodGroupsHelper.sortMethods() took 0 ms.
[Utils] MethodGroupsHelper.collectMethodsByGroup() took 0 ms.
[Utils] MethodGroupsHelper.sortMethods() took 0 ms.
[TestNG] Running:
  C:\Users\solve\AppData\Local\Temp\testng-eclipse--1333421380\testng-customsuite.xml

[Utils] DynamicGraphHelper.createDynamicGraph() took 15 ms.
[TestNG] Time taken by org.testng.reporters.jq.Main@341c0dfc: 617 ms
[TestNG] Time taken by org.testng.reporters.FailedReporter@5a08d301: 47 ms
[TestNG] Time taken by org.testng.reporters.XMLReporter@71c69628: 199 ms
[TestNG] Time taken by org.testng.reporters.EmailableReporter2@762db992: 138 ms
[TestNG] Time taken by org.testng.reporters.JUnitReportReporter@43d84df1: 21 ms
[TestNG] Time taken by org.testng.internal.ExitCodeListener@2318651f: 0 ms
[Utils] MethodGroupsHelper.collectMethodsByGroup() took 1 ms.
[Utils] MethodGroupsHelper.sortMethods() took 5 ms.
[Utils] MethodGroupsHelper.collectMethodsByGroup() took 103 ms.
[Utils] MethodGroupsHelper.sortMethods() took 42 ms.
[Utils] MethodGroupsHelper.collectMethodsByGroup() took 0 ms.
[Utils] MethodGroupsHelper.sortMethods() took 0 ms.
[Utils] MethodGroupsHelper.collectMethodsByGroup() took 0 ms.
[Utils] MethodGroupsHelper.sortMethods() took 0 ms.
[Utils] MethodGroupsHelper.collectMethodsByGroup() took 0 ms.
[Utils] MethodGroupsHelper.sortMethods() took 0 ms.
[Utils] MethodGroupsHelper.collectMethodsByGroup() took 0 ms.
[Utils] MethodGroupsHelper.sortMethods() took 0 ms.
[Utils] MethodGroupsHelper.collectMethodsByGroup() took 0 ms.
[Utils] MethodGroupsHelper.sortMethods() took 0 ms.
[Utils] MethodGroupsHelper.collectMethodsByGroup() took 0 ms.
[Utils] MethodGroupsHelper.sortMethods() took 0 ms.
[Utils] MethodGroupsHelper.collectMethodsByGroup() took 0 ms.
[Utils] MethodGroupsHelper.sortMethods() took 1 ms.
[Utils] MethodGroupsHelper.collectMethodsByGroup() took 0 ms.
[Utils] MethodGroupsHelper.sortMethods() took 2 ms.
[Utils] MethodGroupsHelper.collectMethodsByGroup() took 0 ms.
[Utils] MethodGroupsHelper.sortMethods() took 0 ms.
[Utils] MethodGroupsHelper.collectMethodsByGroup() took 0 ms.
[Utils] MethodGroupsHelper.sortMethods() took 0 ms.
[Utils] MethodGroupsHelper.collectMethodsByGroup() took 1 ms.
[Utils] MethodGroupsHelper.sortMethods() took 1 ms.
[Utils] MethodGroupsHelper.collectMethodsByGroup() took 0 ms.
[Utils] MethodGroupsHelper.sortMethods() took 0 ms.
[Utils] MethodGroupsHelper.collectMethodsByGroup() took 0 ms.
[Utils] MethodGroupsHelper.sortMethods() took 0 ms.
[TestNG] Running:
  C:\Users\solve\AppData\Local\Temp\testng-eclipse--1168609288\testng-customsuite.xml

[Utils] DynamicGraphHelper.createDynamicGraph() took 291 ms.
[TestNG] Time taken by org.testng.reporters.jq.Main@95aeee4: 443 ms
[TestNG] Time taken by org.testng.reporters.FailedReporter@32084a01: 262 ms
[TestNG] Time taken by org.testng.reporters.XMLReporter@543a7605: 79 ms
[TestNG] Time taken by org.testng.reporters.EmailableReporter2@7c816f46: 33 ms
[TestNG] Time taken by org.testng.reporters.JUnitReportReporter@74ed3be4: 155 ms
[TestNG] Time taken by org.testng.internal.ExitCodeListener@48224381: 0 ms
[Utils] MethodGroupsHelper.collectMethodsByGroup() took 2 ms.
[Utils] MethodGroupsHelper.sortMethods() took 5 ms.
[Utils] MethodGroupsHelper.collectMethodsByGroup() took 63 ms.
[Utils] MethodGroupsHelper.sortMethods() took 52 ms.
[Utils] MethodGroupsHelper.collectMethodsByGroup() took 0 ms.
[Utils] MethodGroupsHelper.sortMethods() took 0 ms.
[Utils] MethodGroupsHelper.collectMethodsByGroup() took 0 ms.
[Utils] MethodGroupsHelper.sortMethods() took 0 ms.
[Utils] MethodGroupsHelper.collectMethodsByGroup() took 0 ms.
[Utils] MethodGroupsHelper.sortMethods() took 0 ms.
[Utils] MethodGroupsHelper.collectMethodsByGroup() took 0 ms.
[Utils] MethodGroupsHelper.sortMethods() took 0 ms.
[Utils] MethodGroupsHelper.collectMethodsByGroup() took 0 ms.
[Utils] MethodGroupsHelper.sortMethods() took 0 ms.
[Utils] MethodGroupsHelper.collectMethodsByGroup() took 0 ms.
[Utils] MethodGroupsHelper.sortMethods() took 0 ms.
[Utils] MethodGroupsHelper.collectMethodsByGroup() took 0 ms.
[Utils] MethodGroupsHelper.sortMethods() took 0 ms.
[Utils] MethodGroupsHelper.collectMethodsByGroup() took 0 ms.
[Utils] MethodGroupsHelper.sortMethods() took 0 ms.
[Utils] MethodGroupsHelper.collectMethodsByGroup() took 0 ms.
[Utils] MethodGroupsHelper.sortMethods() took 0 ms.
[Utils] MethodGroupsHelper.collectMethodsByGroup() took 0 ms.
[Utils] MethodGroupsHelper.sortMethods() took 0 ms.
[Utils] MethodGroupsHelper.collectMethodsByGroup() took 1 ms.
[Utils] MethodGroupsHelper.sortMethods() took 1 ms.
[Utils] MethodGroupsHelper.collectMethodsByGroup() took 0 ms.
[Utils] MethodGroupsHelper.sortMethods() took 0 ms.
[Utils] MethodGroupsHelper.collectMethodsByGroup() took 1 ms.
[Utils] MethodGroupsHelper.sortMethods() took 0 ms.
[TestNG] Running:
  C:\Users\solve\AppData\Local\Temp\testng-eclipse-1320527272\testng-customsuite.xml

[Utils] DynamicGraphHelper.createDynamicGraph() took 20 ms.
[TestNG] Time taken by org.testng.reporters.jq.Main@3398ed12: 413 ms
[TestNG] Time taken by org.testng.reporters.FailedReporter@5cd6a827: 47 ms
[TestNG] Time taken by org.testng.reporters.XMLReporter@7c31e01f: 23 ms
[TestNG] Time taken by org.testng.reporters.EmailableReporter2@222a7429: 26 ms
[TestNG] Time taken by org.testng.reporters.JUnitReportReporter@4c941d19: 38 ms
[TestNG] Time taken by org.testng.internal.ExitCodeListener@5248c05a: 0 ms
[Utils] MethodGroupsHelper.collectMethodsByGroup() took 27 ms.
[Utils] MethodGroupsHelper.sortMethods() took 6 ms.
[Utils] MethodGroupsHelper.collectMethodsByGroup() took 21 ms.
[Utils] MethodGroupsHelper.sortMethods() took 44 ms.
[Utils] MethodGroupsHelper.collectMethodsByGroup() took 0 ms.
[Utils] MethodGroupsHelper.sortMethods() took 0 ms.
[Utils] MethodGroupsHelper.collectMethodsByGroup() took 0 ms.
[Utils] MethodGroupsHelper.sortMethods() took 0 ms.
[Utils] MethodGroupsHelper.collectMethodsByGroup() took 0 ms.
[Utils] MethodGroupsHelper.sortMethods() took 0 ms.
[Utils] MethodGroupsHelper.collectMethodsByGroup() took 0 ms.
[Utils] MethodGroupsHelper.sortMethods() took 0 ms.
[Utils] MethodGroupsHelper.collectMethodsByGroup() took 0 ms.
[Utils] MethodGroupsHelper.sortMethods() took 0 ms.
[Utils] MethodGroupsHelper.collectMethodsByGroup() took 0 ms.
[Utils] MethodGroupsHelper.sortMethods() took 0 ms.
[Utils] MethodGroupsHelper.collectMethodsByGroup() took 0 ms.
[Utils] MethodGroupsHelper.sortMethods() took 1 ms.
[Utils] MethodGroupsHelper.collectMethodsByGroup() took 0 ms.
[Utils] MethodGroupsHelper.sortMethods() took 1 ms.
[Utils] MethodGroupsHelper.collectMethodsByGroup() took 0 ms.
[Utils] MethodGroupsHelper.sortMethods() took 0 ms.
[Utils] MethodGroupsHelper.collectMethodsByGroup() took 0 ms.
[Utils] MethodGroupsHelper.sortMethods() took 0 ms.
[Utils] MethodGroupsHelper.collectMethodsByGroup() took 0 ms.
[Utils] MethodGroupsHelper.sortMethods() took 0 ms.
[Utils] MethodGroupsHelper.collectMethodsByGroup() took 0 ms.
[Utils] MethodGroupsHelper.sortMethods() took 0 ms.
[Utils] MethodGroupsHelper.collectMethodsByGroup() took 2 ms.
[Utils] MethodGroupsHelper.sortMethods() took 0 ms.
[TestNG] Running:
  C:\Users\solve\AppData\Local\Temp\testng-eclipse--51717169\testng-customsuite.xml

[Utils] DynamicGraphHelper.createDynamicGraph() took 22 ms.
[TestNG] Time taken by org.testng.reporters.jq.Main@733e3c19: 1382 ms
[TestNG] Time taken by org.testng.reporters.FailedReporter@5fe4848: 114 ms
[TestNG] Time taken by org.testng.reporters.XMLReporter@151f1734: 52 ms
[TestNG] Time taken by org.testng.reporters.EmailableReporter2@c3c63c1: 99 ms
[TestNG] Time taken by org.testng.reporters.JUnitReportReporter@725490dd: 237 ms
[TestNG] Time taken by org.testng.internal.ExitCodeListener@15ca7322: 0 ms
[Utils] MethodGroupsHelper.collectMethodsByGroup() took 5 ms.
[Utils] MethodGroupsHelper.sortMethods() took 4 ms.
[Utils] MethodGroupsHelper.collectMethodsByGroup() took 113 ms.
[Utils] MethodGroupsHelper.sortMethods() took 63 ms.
[Utils] MethodGroupsHelper.collectMethodsByGroup() took 0 ms.
[Utils] MethodGroupsHelper.sortMethods() took 0 ms.
[Utils] MethodGroupsHelper.collectMethodsByGroup() took 0 ms.
[Utils] MethodGroupsHelper.sortMethods() took 0 ms.
[Utils] MethodGroupsHelper.collectMethodsByGroup() took 0 ms.
[Utils] MethodGroupsHelper.sortMethods() took 0 ms.
[Utils] MethodGroupsHelper.collectMethodsByGroup() took 0 ms.
[Utils] MethodGroupsHelper.sortMethods() took 0 ms.
[Utils] MethodGroupsHelper.collectMethodsByGroup() took 0 ms.
[Utils] MethodGroupsHelper.sortMethods() took 0 ms.
[Utils] MethodGroupsHelper.collectMethodsByGroup() took 0 ms.
[Utils] MethodGroupsHelper.sortMethods() took 0 ms.
[Utils] MethodGroupsHelper.collectMethodsByGroup() took 0 ms.
[Utils] MethodGroupsHelper.sortMethods() took 1 ms.
[Utils] MethodGroupsHelper.collectMethodsByGroup() took 0 ms.
[Utils] MethodGroupsHelper.sortMethods() took 1 ms.
[Utils] MethodGroupsHelper.collectMethodsByGroup() took 0 ms.
[Utils] MethodGroupsHelper.sortMethods() took 0 ms.
[Utils] MethodGroupsHelper.collectMethodsByGroup() took 0 ms.
[Utils] MethodGroupsHelper.sortMethods() took 0 ms.
[Utils] MethodGroupsHelper.collectMethodsByGroup() took 0 ms.
[Utils] MethodGroupsHelper.sortMethods() took 0 ms.
[Utils] MethodGroupsHelper.collectMethodsByGroup() took 0 ms.
[Utils] MethodGroupsHelper.sortMethods() took 0 ms.
[Utils] MethodGroupsHelper.collectMethodsByGroup() took 1 ms.
[Utils] MethodGroupsHelper.sortMethods() took 0 ms.
[TestNG] Running:
  C:\Users\solve\AppData\Local\Temp\testng-eclipse--425710068\testng-customsuite.xml

[Utils] DynamicGraphHelper.createDynamicGraph() took 25 ms.
[TestNG] Time taken by org.testng.reporters.jq.Main@733e3c19: 437 ms
[TestNG] Time taken by org.testng.reporters.FailedReporter@5fe4848: 100 ms
[TestNG] Time taken by org.testng.reporters.XMLReporter@151f1734: 27 ms
[TestNG] Time taken by org.testng.reporters.EmailableReporter2@c3c63c1: 28 ms
[TestNG] Time taken by org.testng.reporters.JUnitReportReporter@15ca7322: 196 ms
[TestNG] Time taken by org.testng.internal.ExitCodeListener@4c89c98a: 0 ms
[Utils] MethodGroupsHelper.collectMethodsByGroup() took 2 ms.
[Utils] MethodGroupsHelper.sortMethods() took 30 ms.
[Utils] MethodGroupsHelper.collectMethodsByGroup() took 26 ms.
[Utils] MethodGroupsHelper.sortMethods() took 70 ms.
[Utils] MethodGroupsHelper.collectMethodsByGroup() took 0 ms.
[Utils] MethodGroupsHelper.sortMethods() took 0 ms.
[Utils] MethodGroupsHelper.collectMethodsByGroup() took 0 ms.
[Utils] MethodGroupsHelper.sortMethods() took 0 ms.
[Utils] MethodGroupsHelper.collectMethodsByGroup() took 0 ms.
[Utils] MethodGroupsHelper.sortMethods() took 0 ms.
[Utils] MethodGroupsHelper.collectMethodsByGroup() took 0 ms.
[Utils] MethodGroupsHelper.sortMethods() took 0 ms.
[Utils] MethodGroupsHelper.collectMethodsByGroup() took 0 ms.
[Utils] MethodGroupsHelper.sortMethods() took 0 ms.
[Utils] MethodGroupsHelper.collectMethodsByGroup() took 0 ms.
[Utils] MethodGroupsHelper.sortMethods() took 1 ms.
[Utils] MethodGroupsHelper.collectMethodsByGroup() took 0 ms.
[Utils] MethodGroupsHelper.sortMethods() took 1 ms.
[Utils] MethodGroupsHelper.collectMethodsByGroup() took 0 ms.
[Utils] MethodGroupsHelper.sortMethods() took 0 ms.
[Utils] MethodGroupsHelper.collectMethodsByGroup() took 0 ms.
[Utils] MethodGroupsHelper.sortMethods() took 0 ms.
[Utils] MethodGroupsHelper.collectMethodsByGroup() took 0 ms.
[Utils] MethodGroupsHelper.sortMethods() took 0 ms.
[Utils] MethodGroupsHelper.collectMethodsByGroup() took 0 ms.
[Utils] MethodGroupsHelper.sortMethods() took 0 ms.
[Utils] MethodGroupsHelper.collectMethodsByGroup() took 0 ms.
[Utils] MethodGroupsHelper.sortMethods() took 0 ms.
[Utils] MethodGroupsHelper.collectMethodsByGroup() took 0 ms.
[Utils] MethodGroupsHelper.sortMethods() took 0 ms.
[TestNG] Running:
  C:\Users\solve\AppData\Local\Temp\testng-eclipse-1698411988\testng-customsuite.xml

[Utils] DynamicGraphHelper.createDynamicGraph() took 14 ms.
[Utils] MethodGroupsHelper.collectMethodsByGroup() took 2 ms.
[Utils] MethodGroupsHelper.sortMethods() took 3 ms.
[Utils] MethodGroupsHelper.collectMethodsByGroup() took 22 ms.
[Utils] MethodGroupsHelper.sortMethods() took 20 ms.
[Utils] MethodGroupsHelper.collectMethodsByGroup() took 0 ms.
[Utils] MethodGroupsHelper.sortMethods() took 0 ms.
[Utils] MethodGroupsHelper.collectMethodsByGroup() took 0 ms.
[Utils] MethodGroupsHelper.sortMethods() took 0 ms.
[Utils] MethodGroupsHelper.collectMethodsByGroup() took 0 ms.
[Utils] MethodGroupsHelper.sortMethods() took 0 ms.
[Utils] MethodGroupsHelper.collectMethodsByGroup() took 0 ms.
[Utils] MethodGroupsHelper.sortMethods() took 0 ms.
[Utils] MethodGroupsHelper.collectMethodsByGroup() took 0 ms.
[Utils] MethodGroupsHelper.sortMethods() took 0 ms.
[Utils] MethodGroupsHelper.collectMethodsByGroup() took 0 ms.
[Utils] MethodGroupsHelper.sortMethods() took 0 ms.
[Utils] MethodGroupsHelper.collectMethodsByGroup() took 0 ms.
[Utils] MethodGroupsHelper.sortMethods() took 0 ms.
[Utils] MethodGroupsHelper.collectMethodsByGroup() took 0 ms.
[Utils] MethodGroupsHelper.sortMethods() took 1 ms.
[Utils] MethodGroupsHelper.collectMethodsByGroup() took 0 ms.
[Utils] MethodGroupsHelper.sortMethods() took 0 ms.
[Utils] MethodGroupsHelper.collectMethodsByGroup() took 0 ms.
[Utils] MethodGroupsHelper.sortMethods() took 0 ms.
[Utils] MethodGroupsHelper.collectMethodsByGroup() took 1 ms.
[Utils] MethodGroupsHelper.sortMethods() took 1 ms.
[Utils] MethodGroupsHelper.collectMethodsByGroup() took 0 ms.
[Utils] MethodGroupsHelper.sortMethods() took 0 ms.
[Utils] MethodGroupsHelper.collectMethodsByGroup() took 0 ms.
[Utils] MethodGroupsHelper.sortMethods() took 1 ms.
[TestNG] Running:
  C:\Users\solve\AppData\Local\Temp\testng-eclipse-1806450332\testng-customsuite.xml

[Utils] DynamicGraphHelper.createDynamicGraph() took 11 ms.
[TestNG] Time taken by org.testng.reporters.jq.Main@436d2bb9: 1039 ms
[TestNG] Time taken by org.testng.reporters.FailedReporter@85eba52: 216 ms
[TestNG] Time taken by org.testng.reporters.XMLReporter@1ccce165: 25 ms
[TestNG] Time taken by org.testng.reporters.EmailableReporter2@757f47f0: 21 ms
[TestNG] Time taken by org.testng.reporters.JUnitReportReporter@12948e7a: 54 ms
[TestNG] Time taken by org.testng.internal.ExitCodeListener@497c1d78: 0 ms
[TestNG] Time taken by org.testng.reporters.jq.Main@2b26d289: 188 ms
[TestNG] Time taken by org.testng.reporters.FailedReporter@2a4bee4e: 43 ms
[TestNG] Time taken by org.testng.reporters.XMLReporter@2e94655a: 16 ms
[TestNG] Time taken by org.testng.reporters.EmailableReporter2@3fb5809a: 30 ms
[TestNG] Time taken by org.testng.reporters.JUnitReportReporter@6d2413e: 504 ms
[TestNG] Time taken by org.testng.internal.ExitCodeListener@6d4b09c7: 0 ms
[Utils] MethodGroupsHelper.collectMethodsByGroup() took 2 ms.
[Utils] MethodGroupsHelper.sortMethods() took 5 ms.
[Utils] MethodGroupsHelper.collectMethodsByGroup() took 30 ms.
[Utils] MethodGroupsHelper.sortMethods() took 19 ms.
[Utils] MethodGroupsHelper.collectMethodsByGroup() took 0 ms.
[Utils] MethodGroupsHelper.sortMethods() took 0 ms.
[Utils] MethodGroupsHelper.collectMethodsByGroup() took 1 ms.
[Utils] MethodGroupsHelper.sortMethods() took 0 ms.
[Utils] MethodGroupsHelper.collectMethodsByGroup() took 0 ms.
[Utils] MethodGroupsHelper.sortMethods() took 0 ms.
[Utils] MethodGroupsHelper.collectMethodsByGroup() took 0 ms.
[Utils] MethodGroupsHelper.sortMethods() took 0 ms.
[Utils] MethodGroupsHelper.collectMethodsByGroup() took 0 ms.
[Utils] MethodGroupsHelper.sortMethods() took 0 ms.
[Utils] MethodGroupsHelper.collectMethodsByGroup() took 0 ms.
[Utils] MethodGroupsHelper.sortMethods() took 0 ms.
[Utils] MethodGroupsHelper.collectMethodsByGroup() took 0 ms.
[Utils] MethodGroupsHelper.sortMethods() took 1 ms.
[Utils] MethodGroupsHelper.collectMethodsByGroup() took 0 ms.
[Utils] MethodGroupsHelper.sortMethods() took 0 ms.
[Utils] MethodGroupsHelper.collectMethodsByGroup() took 0 ms.
[Utils] MethodGroupsHelper.sortMethods() took 0 ms.
[Utils] MethodGroupsHelper.collectMethodsByGroup() took 0 ms.
[Utils] MethodGroupsHelper.sortMethods() took 0 ms.
[Utils] MethodGroupsHelper.collectMethodsByGroup() took 0 ms.
[Utils] MethodGroupsHelper.sortMethods() took 0 ms.
[Utils] MethodGroupsHelper.collectMethodsByGroup() took 0 ms.
[Utils] MethodGroupsHelper.sortMethods() took 0 ms.
[Utils] MethodGroupsHelper.collectMethodsByGroup() took 0 ms.
[Utils] MethodGroupsHelper.sortMethods() took 0 ms.
[TestNG] Running:
  C:\Users\solve\AppData\Local\Temp\testng-eclipse-321535761\testng-customsuite.xml

[Utils] DynamicGraphHelper.createDynamicGraph() took 55 ms.
[TestNG] Time taken by org.testng.reporters.jq.Main@6344004d: 535 ms
[TestNG] Time taken by org.testng.reporters.FailedReporter@77604a86: 57 ms
[TestNG] Time taken by org.testng.reporters.XMLReporter@438a65a7: 60 ms
[TestNG] Time taken by org.testng.reporters.EmailableReporter2@561c031: 15 ms
[TestNG] Time taken by org.testng.reporters.JUnitReportReporter@2e590e36: 20 ms
[TestNG] Time taken by org.testng.internal.ExitCodeListener@3fc2a1d1: 0 ms
[Utils] MethodGroupsHelper.collectMethodsByGroup() took 6 ms.
[Utils] MethodGroupsHelper.sortMethods() took 6 ms.
[Utils] MethodGroupsHelper.collectMethodsByGroup() took 102 ms.
[Utils] MethodGroupsHelper.sortMethods() took 66 ms.
[Utils] MethodGroupsHelper.collectMethodsByGroup() took 0 ms.
[Utils] MethodGroupsHelper.sortMethods() took 0 ms.
[Utils] MethodGroupsHelper.collectMethodsByGroup() took 0 ms.
[Utils] MethodGroupsHelper.sortMethods() took 0 ms.
[Utils] MethodGroupsHelper.collectMethodsByGroup() took 0 ms.
[Utils] MethodGroupsHelper.sortMethods() took 0 ms.
[Utils] MethodGroupsHelper.collectMethodsByGroup() took 0 ms.
[Utils] MethodGroupsHelper.sortMethods() took 0 ms.
[Utils] MethodGroupsHelper.collectMethodsByGroup() took 0 ms.
[Utils] MethodGroupsHelper.sortMethods() took 0 ms.
[Utils] MethodGroupsHelper.collectMethodsByGroup() took 0 ms.
[Utils] MethodGroupsHelper.sortMethods() took 1 ms.
[Utils] MethodGroupsHelper.collectMethodsByGroup() took 1 ms.
[Utils] MethodGroupsHelper.sortMethods() took 0 ms.
[Utils] MethodGroupsHelper.collectMethodsByGroup() took 0 ms.
[Utils] MethodGroupsHelper.sortMethods() took 0 ms.
[Utils] MethodGroupsHelper.collectMethodsByGroup() took 0 ms.
[Utils] MethodGroupsHelper.sortMethods() took 0 ms.
[Utils] MethodGroupsHelper.collectMethodsByGroup() took 0 ms.
[Utils] MethodGroupsHelper.sortMethods() took 0 ms.
[Utils] MethodGroupsHelper.collectMethodsByGroup() took 1 ms.
[Utils] MethodGroupsHelper.sortMethods() took 0 ms.
[Utils] MethodGroupsHelper.collectMethodsByGroup() took 0 ms.
[Utils] MethodGroupsHelper.sortMethods() took 0 ms.
[Utils] MethodGroupsHelper.collectMethodsByGroup() took 73 ms.
[Utils] MethodGroupsHelper.sortMethods() took 0 ms.
[TestNG] Running:
  C:\Users\solve\AppData\Local\Temp\testng-eclipse-933279860\testng-customsuite.xml

[Utils] DynamicGraphHelper.createDynamicGraph() took 131 ms.
Test Method: loginPage FAILED
[TestNG] Time taken by org.testng.reporters.jq.Main@5817b0d1: 1550 ms
[TestNG] Time taken by org.testng.reporters.FailedReporter@74474fc0: 481 ms
[TestNG] Time taken by org.testng.reporters.XMLReporter@4e6c703a: 227 ms
[TestNG] Time taken by org.testng.reporters.EmailableReporter2@2e729fea: 741 ms
[TestNG] Time taken by org.testng.reporters.JUnitReportReporter@1252d480: 521 ms
[TestNG] Time taken by org.testng.internal.ExitCodeListener@59b8a801: 1 ms
[Utils] MethodGroupsHelper.collectMethodsByGroup() took 2 ms.
[Utils] MethodGroupsHelper.sortMethods() took 3 ms.
[Utils] MethodGroupsHelper.collectMethodsByGroup() took 34 ms.
[Utils] MethodGroupsHelper.sortMethods() took 43 ms.
[Utils] MethodGroupsHelper.collectMethodsByGroup() took 0 ms.
[Utils] MethodGroupsHelper.sortMethods() took 0 ms.
[Utils] MethodGroupsHelper.collectMethodsByGroup() took 0 ms.
[Utils] MethodGroupsHelper.sortMethods() took 0 ms.
[Utils] MethodGroupsHelper.collectMethodsByGroup() took 0 ms.
[Utils] MethodGroupsHelper.sortMethods() took 0 ms.
[Utils] MethodGroupsHelper.collectMethodsByGroup() took 0 ms.
[Utils] MethodGroupsHelper.sortMethods() took 0 ms.
[Utils] MethodGroupsHelper.collectMethodsByGroup() took 0 ms.
[Utils] MethodGroupsHelper.sortMethods() took 0 ms.
[Utils] MethodGroupsHelper.collectMethodsByGroup() took 0 ms.
[Utils] MethodGroupsHelper.sortMethods() took 0 ms.
[Utils] MethodGroupsHelper.collectMethodsByGroup() took 0 ms.
[Utils] MethodGroupsHelper.sortMethods() took 0 ms.
[Utils] MethodGroupsHelper.collectMethodsByGroup() took 1 ms.
[Utils] MethodGroupsHelper.sortMethods() took 0 ms.
[Utils] MethodGroupsHelper.collectMethodsByGroup() took 0 ms.
[Utils] MethodGroupsHelper.sortMethods() took 0 ms.
[Utils] MethodGroupsHelper.collectMethodsByGroup() took 0 ms.
[Utils] MethodGroupsHelper.sortMethods() took 0 ms.
[Utils] MethodGroupsHelper.collectMethodsByGroup() took 0 ms.
[Utils] MethodGroupsHelper.sortMethods() took 2 ms.
[Utils] MethodGroupsHelper.collectMethodsByGroup() took 0 ms.
[Utils] MethodGroupsHelper.sortMethods() took 0 ms.
[Utils] MethodGroupsHelper.collectMethodsByGroup() took 1 ms.
[Utils] MethodGroupsHelper.sortMethods() took 0 ms.
[TestNG] Running:
  C:\Users\solve\AppData\Local\Temp\testng-eclipse--563217464\testng-customsuite.xml

[Utils] DynamicGraphHelper.createDynamicGraph() took 14 ms.
