2024-05-29 12:06:38.445 [main] INFO  c.e.automate.ExistingPatientLogin - ChromeDriver initialized successfully The Existing Patient Application Flow.
2024-05-29 12:06:57.626 [main] INFO  c.e.automate.ExistingPatientLogin - Browser closed and driver quit.
2024-05-29 12:07:42.705 [main] INFO  c.e.automate.ExistingPatientLogin - ChromeDriver initialized successfully The Existing Patient Application Flow.
2024-05-29 12:08:01.592 [main] INFO  c.e.automate.ExistingPatientLogin - Browser closed and driver quit.
2024-05-29 12:12:37.192 [main] INFO  c.e.automate.ExistingPatientLogin - ChromeDriver initialized successfully The Existing Patient Application Flow.
2024-05-29 12:12:43.201 [main] INFO  c.e.automate.ExistingPatientLogin - Browser closed and driver quit.
2024-05-29 12:21:24.041 [main] INFO  c.e.automate.ExistingPatientLogin - ChromeDriver initialized successfully The Existing Patient Application Flow.
2024-05-29 12:21:43.554 [main] INFO  c.e.automate.ExistingPatientLogin - Browser closed and driver quit.
2024-05-29 12:36:28.155 [main] INFO  c.e.automate.ExistingPatientLogin - ChromeDriver initialized successfully The Existing Patient Application Flow.
2024-05-29 12:36:47.091 [main] INFO  c.e.automate.ExistingPatientLogin - Browser closed and driver quit.
2024-05-29 12:37:53.239 [main] INFO  c.e.automate.ExistingPatientLogin - ChromeDriver initialized successfully The Existing Patient Application Flow.
2024-05-29 12:38:12.572 [main] INFO  c.e.automate.ExistingPatientLogin - Browser closed and driver quit.
2024-05-29 12:44:22.750 [main] INFO  c.e.automate.ExistingPatientLogin - ChromeDriver initialized successfully The Existing Patient Application Flow.
2024-05-29 12:44:41.935 [main] INFO  c.e.automate.ExistingPatientLogin - Browser closed and driver quit.
2024-05-29 12:47:32.944 [main] INFO  c.e.automate.ExistingPatientLogin - ChromeDriver initialized successfully The Existing Patient Application Flow.
2024-05-29 12:47:51.902 [main] INFO  c.e.automate.ExistingPatientLogin - Browser closed and driver quit.
2024-05-29 12:52:21.628 [main] INFO  c.e.automate.ExistingPatientLogin - ChromeDriver initialized successfully The Existing Patient Application Flow.
2024-05-29 12:52:41.714 [main] INFO  c.e.automate.ExistingPatientLogin - Browser closed and driver quit.
2024-05-29 12:55:11.325 [main] INFO  c.e.automate.ExistingPatientLogin - ChromeDriver initialized successfully The Existing Patient Application Flow.
2024-05-29 12:55:31.427 [main] INFO  c.e.automate.ExistingPatientLogin - Browser closed and driver quit.


2024-05-29 13:03:41.410 [main] INFO  c.e.automate.ExistingPatientLogin - ChromeDriver initialized successfully The Existing Patient Application Flow.
2024-05-29 13:04:00.771 [main] INFO  c.e.automate.ExistingPatientLogin - Browser closed and driver quit.


2024-05-29 13:26:37.347 [main] INFO  c.e.automate.ExistingPatientLogin - ChromeDriver initialized successfully The Existing Patient Application Flow.
2024-05-29 13:26:53.701 [main] ERROR c.e.automate.ExistingPatientLogin - Error: Login was not successful, URL did not change to the home page. Expected: http://127.0.0.1:90/#/home, but got: http://127.0.0.1:90/#/login
2024-05-29 13:26:57.049 [main] INFO  c.e.automate.ExistingPatientLogin - Browser closed and driver quit.

2024-05-29 14:02:11.967 [main] INFO  c.e.automate.ExistingPatientLogin - ChromeDriver initialized successfully The Existing Patient Application Flow.
2024-05-29 14:02:31.247 [main] INFO  c.e.automate.ExistingPatientLogin - Browser closed and driver quit.

2024-05-29 14:04:27.982 [main] INFO  c.e.automate.ExistingPatientLogin - ChromeDriver initialized successfully The Existing Patient Application Flow.
2024-05-29 14:04:47.376 [main] INFO  c.e.automate.ExistingPatientLogin - Browser closed and driver quit.

2024-05-29 14:08:34.882 [main] INFO  c.e.automate.ExistingPatientLogin - ChromeDriver initialized successfully The Existing Patient Application Flow.
2024-05-29 14:08:54.313 [main] INFO  c.e.automate.ExistingPatientLogin - Browser closed and driver quit.

2024-05-29 14:09:28.766 [main] INFO  c.e.automate.ExistingPatientLogin - ChromeDriver initialized successfully The Existing Patient Application Flow.
2024-05-29 14:09:48.249 [main] INFO  c.e.automate.ExistingPatientLogin - Browser closed and driver quit.

2024-05-29 14:10:19.695 [main] INFO  c.e.automate.ExistingPatientLogin - ChromeDriver initialized successfully The Existing Patient Application Flow.
2024-05-29 14:10:39.697 [main] INFO  c.e.automate.ExistingPatientLogin - Browser closed and driver quit.

2024-05-29 14:12:53.931 [main] INFO  c.e.automate.ExistingPatientLogin - ChromeDriver initialized successfully The Existing Patient Application Flow.
2024-05-29 14:13:12.665 [main] INFO  c.e.automate.ExistingPatientLogin - Browser closed and driver quit.

2024-05-29 14:16:04.815 [main] INFO  c.e.automate.ExistingPatientLogin - ChromeDriver initialized successfully The Existing Patient Application Flow.
2024-05-29 14:16:33.042 [main] ERROR c.e.automate.ExistingPatientLogin - Error: Clear fields button icon is not appropriately placed. Expected center: (1186, 138), but got: (1146, 142)
2024-05-29 14:16:33.192 [main] DEBUG c.e.automate.ExistingPatientLogin - Patient last name entered.
2024-05-29 14:16:36.327 [main] INFO  c.e.automate.ExistingPatientLogin - Browser closed and driver quit.

2024-05-29 14:52:57.652 [main] INFO  c.e.automate.ExistingPatientLogin - ChromeDriver initialized successfully The Existing Patient Application Flow.
2024-05-29 14:54:24.348 [main] INFO  c.e.automate.ExistingPatientLogin - ChromeDriver initialized successfully The Existing Patient Application Flow.
2024-05-29 14:54:53.445 [main] ERROR c.e.automate.ExistingPatientLogin - Error: Clear fields button icon is not appropriately placed. Expected center: (1186, 138), but got: (1146, 142)
2024-05-29 14:54:57.124 [main] INFO  c.e.automate.ExistingPatientLogin - Browser closed and driver quit.

2024-05-29 14:55:43.776 [main] INFO  c.e.automate.ExistingPatientLogin - ChromeDriver initialized successfully The Existing Patient Application Flow.
2024-05-29 14:56:13.233 [main] ERROR c.e.automate.ExistingPatientLogin - Error: Clear fields button icon is not appropriately placed. Expected center: (1186, 138), but got: (1146, 142)
2024-05-29 14:56:16.878 [main] INFO  c.e.automate.ExistingPatientLogin - Browser closed and driver quit.

2024-05-29 14:59:10.872 [main] INFO  c.e.automate.ExistingPatientLogin - ChromeDriver initialized successfully The Existing Patient Application Flow.
2024-05-29 14:59:26.327 [main] ERROR c.e.automate.ExistingPatientLogin - Error: Login was not successful, URL did not change to the home page. Expected: http://127.0.0.1:90/#/home, but got: http://127.0.0.1:90/#/login
2024-05-29 14:59:28.435 [main] INFO  c.e.automate.ExistingPatientLogin - Browser closed and driver quit.

2024-05-29 15:07:49.826 [main] INFO  c.e.automate.ExistingPatientLogin - ChromeDriver initialized successfully The Existing Patient Application Flow.
2024-05-29 15:08:15.224 [main] ERROR c.e.automate.ExistingPatientLogin - Error: Clear fields button icon is not appropriately placed. Expected center: (1186, 138), but got: (1146, 142)
2024-05-29 15:08:18.917 [main] INFO  c.e.automate.ExistingPatientLogin - Browser closed and driver quit.

2024-05-29 15:09:56.974 [main] INFO  c.e.automate.ExistingPatientLogin - ChromeDriver initialized successfully The Existing Patient Application Flow.
2024-05-29 15:10:26.242 [main] ERROR c.e.automate.ExistingPatientLogin - Error: Clear fields button icon is not appropriately placed. Expected center: (1186, 138), but got: (1146, 142)
2024-05-29 15:10:29.796 [main] INFO  c.e.automate.ExistingPatientLogin - Browser closed and driver quit.

2024-05-29 15:19:10.799 [main] INFO  c.e.automate.ExistingPatientLogin - ChromeDriver initialized successfully The Existing Patient Application Flow.
2024-05-29 15:19:38.437 [main] ERROR c.e.automate.ExistingPatientLogin - Error: Clear fields button icon is not appropriately placed. Expected center: (1186, 138), but got: (1146, 142)
2024-05-29 15:19:42.147 [main] INFO  c.e.automate.ExistingPatientLogin - Browser closed and driver quit.

2024-05-29 15:21:24.687 [main] INFO  c.e.automate.ExistingPatientLogin - ChromeDriver initialized successfully The Existing Patient Application Flow.
2024-05-29 15:21:52.026 [main] ERROR c.e.automate.ExistingPatientLogin - Error: Clear fields button icon is not appropriately placed. Expected center: (1186, 138), but got: (1146, 142)
2024-05-29 15:21:55.977 [main] INFO  c.e.automate.ExistingPatientLogin - Browser closed and driver quit.

2024-05-29 15:22:53.865 [main] INFO  c.e.automate.ExistingPatientLogin - ChromeDriver initialized successfully The Existing Patient Application Flow.
2024-05-29 15:23:21.779 [main] ERROR c.e.automate.ExistingPatientLogin - Error: Clear fields button icon is not appropriately placed. Expected center: (1186, 138), but got: (1146, 142)
2024-05-29 15:25:54.876 [main] INFO  c.e.automate.ExistingPatientLogin - ChromeDriver initialized successfully The Existing Patient Application Flow.
2024-05-29 15:26:24.058 [main] ERROR c.e.automate.ExistingPatientLogin - Error: Clear fields button icon is not appropriately placed. Expected center: (1186, 138), but got: (1146, 142)
2024-05-29 20:30:56.791 [main] INFO  c.e.automate.ExistingPatientLogin - ChromeDriver initialized successfully The Existing Patient Application Flow.
2024-05-29 20:31:21.656 [main] ERROR c.e.automate.ExistingPatientLogin - Error: Clear fields button icon is not appropriately placed. Expected center: (1186, 138), but got: (1146, 142)
2024-05-29 20:38:28.454 [main] INFO  c.e.automate.ExistingPatientLogin - ChromeDriver initialized successfully The Existing Patient Application Flow.
2024-05-29 20:38:55.198 [main] ERROR c.e.automate.ExistingPatientLogin - Error: Clear fields button icon is not appropriately placed. Expected center: (1186, 138), but got: (1146, 142)
2024-05-29 20:38:59.254 [main] INFO  c.e.automate.ExistingPatientLogin - Browser closed and driver quit.

2024-05-29 20:45:56.417 [main] INFO  c.e.automate.ExistingPatientLogin - ChromeDriver initialized successfully The Existing Patient Application Flow.
2024-05-29 20:46:24.446 [main] ERROR c.e.automate.ExistingPatientLogin - Error: Clear fields button icon is not appropriately placed. Expected center: (1186, 138), but got: (1146, 142)
2024-05-29 20:47:39.096 [main] INFO  c.e.automate.ExistingPatientLogin - ChromeDriver initialized successfully The Existing Patient Application Flow.
2024-05-29 20:48:05.965 [main] ERROR c.e.automate.ExistingPatientLogin - Error: Clear fields button icon is not appropriately placed. Expected center: (1186, 138), but got: (1146, 142)
2024-05-29 20:49:15.215 [main] INFO  c.e.automate.ExistingPatientLogin - ChromeDriver initialized successfully The Existing Patient Application Flow.
2024-05-29 20:49:33.052 [main] ERROR c.e.automate.ExistingPatientLogin - Error: Login was not successful, URL did not change to the home page. Expected: http://127.0.0.1:90/#/home, but got: http://127.0.0.1:90/#/login
2024-05-29 20:49:33.162 [main] ERROR c.e.automate.ExistingPatientLogin - Error: Login was not successful, URL did not change to the home page. Expected: http://127.0.0.1:90/#/home, but got: http://127.0.0.1:90/#/login
2024-05-29 20:51:18.119 [main] INFO  c.e.automate.ExistingPatientLogin - ChromeDriver initialized successfully The Existing Patient Application Flow.
2024-05-29 20:51:46.869 [main] ERROR c.e.automate.ExistingPatientLogin - Error: Clear fields button icon is not appropriately placed. Expected center: (1186, 138), but got: (1146, 142)
2024-05-29 20:53:13.208 [main] INFO  c.e.automate.ExistingPatientLogin - ChromeDriver initialized successfully The Existing Patient Application Flow.
2024-05-29 20:53:40.694 [main] ERROR c.e.automate.ExistingPatientLogin - Error: Clear fields button icon is not appropriately placed. Expected center: (1186, 138), but got: (1146, 142)
2024-05-29 20:58:17.685 [main] INFO  c.e.automate.ExistingPatientLogin - ChromeDriver initialized successfully The Existing Patient Application Flow.
2024-05-29 20:58:44.721 [main] ERROR c.e.automate.ExistingPatientLogin - Error: Clear fields button icon is not appropriately placed. Expected center: (1186, 138), but got: (1146, 142)
2024-05-29 21:06:07.853 [main] INFO  c.e.automate.ExistingPatientLogin - ChromeDriver initialized successfully The Existing Patient Application Flow.
2024-05-29 21:06:35.111 [main] ERROR c.e.automate.ExistingPatientLogin - Error: Clear fields button icon is not appropriately placed. Expected center: (1186, 138), but got: (1146, 142)
2024-05-29 21:06:43.218 [main] ERROR c.e.automate.ExistingPatientLogin - Error: No actions available in the manage profile and signout dropdown.
2024-05-29 21:06:45.260 [main] INFO  c.e.automate.ExistingPatientLogin - Browser closed and driver quit.

